$ vite build
[36mvite v5.4.21 [32mbuilding for production...[36m[39m
transforming...
[32m✓[39m 2312 modules transformed.
rendering chunks...
computing gzip size...
[2mdist/[22m[32mmanifest.webmanifest                        [39m[1m[2m    0.30 kB[22m[1m[22m
[2mdist/[22m[32mindex.html                                  [39m[1m[2m    1.05 kB[22m[1m[22m[2m │ gzip:   0.48 kB[22m
[2mdist/[22m[35massets/index-mYK1nSjT.css                   [39m[1m[2m   35.70 kB[22m[1m[22m[2m │ gzip:   6.69 kB[22m
[2mdist/[22m[36massets/workbox-window.prod.es5-vqzQaGvo.js  [39m[1m[2m    5.72 kB[22m[1m[22m[2m │ gzip:   2.35 kB[22m
[2mdist/[22m[36massets/purify.es-C_uT9hQ1.js                [39m[1m[2m   21.98 kB[22m[1m[22m[2m │ gzip:   8.74 kB[22m
[2mdist/[22m[36massets/index.es-BRdgAQQb.js                 [39m[1m[2m  150.44 kB[22m[1m[22m[2m │ gzip:  51.42 kB[22m
[2mdist/[22m[36massets/html2canvas.esm-CBrSDip1.js          [39m[1m[2m  201.42 kB[22m[1m[22m[2m │ gzip:  48.03 kB[22m
[2mdist/[22m[36massets/index-1R5nVYk3.js                    [39m[1m[33m1,879.85 kB[39m[22m[2m │ gzip: 553.98 kB[22m
[33m
(!) Some chunks are larger than 500 kB after minification. Consider:
- Using dynamic import() to code-split the application
- Use build.rollupOptions.output.manualChunks to improve chunking: https://rollupjs.org/configuration-options/#output-manualchunks
- Adjust chunk size limit for this warning via build.chunkSizeWarningLimit.[39m
[32m✓ built in 48.95s[39m

PWA v0.20.5
Building src/service-worker.ts service worker ("es" format)...
[36mvite v5.4.21 [32mbuilding for production...[36m[39m
transforming...
[32m✓[39m 87 modules transformed.
rendering chunks...
computing gzip size...
[2mdist/[22m[36mservice-worker.mjs  [39m[1m[2m26.59 kB[22m[1m[22m[2m │ gzip: 8.68 kB[22m
[32m✓ built in 8.80s[39m

PWA v0.20.5
mode      injectManifest
format:   es
precache  9 entries (2243.63 KiB)
files generated
  dist/service-worker.js
